[10:41:05.661] [INFO] storybook v10.3.3
[10:41:06.608] [DEBUG] Getting package.json info for C:/Users/nmhoang/Documents/Source/react-map-components-maplibre/package.json...
[10:41:06.610] [WARN] You are currently using Storybook [1m10.3.3[22m but you have packages which are incompatible with it:

- @nx/storybook@21.2.2 which depends on >=7.0.0 <10.0.0
 Repo: https://nx.dev

Please consider updating your packages or contacting the maintainers for compatibility details.

For more details on compatibility guidance, see:
https://github.com/storybookjs/storybook/issues/32836
[10:41:07.743] [DEBUG] Serving static files from [36mpackages/react-libremap-components/public[39m at [36m/[39m
[10:41:07.747] [INFO] Starting...
[10:41:08.324] [ERROR] [38;2;241;97;97mError: Build failed with 1 error:
.storybook/manager.js:1:23: ERROR: Could not resolve "@storybook/manager-api"[39m
    at failureErrorWithLog (C:\Users\nmhoang\Documents\Source\react-map-components-maplibre\node_modules\.pnpm\esbuild@0.25.9\node_modules\esbuild\lib\main.js:1467:15)
    at C:\Users\nmhoang\Documents\Source\react-map-components-maplibre\node_modules\.pnpm\esbuild@0.25.9\node_modules\esbuild\lib\main.js:926:25
    at runOnEndCallbacks (C:\Users\nmhoang\Documents\Source\react-map-components-maplibre\node_modules\.pnpm\esbuild@0.25.9\node_modules\esbuild\lib\main.js:1307:45)
    at buildResponseToResult (C:\Users\nmhoang\Documents\Source\react-map-components-maplibre\node_modules\.pnpm\esbuild@0.25.9\node_modules\esbuild\lib\main.js:924:7)
    at C:\Users\nmhoang\Documents\Source\react-map-components-maplibre\node_modules\.pnpm\esbuild@0.25.9\node_modules\esbuild\lib\main.js:951:16
    at responseCallbacks.<computed> (C:\Users\nmhoang\Documents\Source\react-map-components-maplibre\node_modules\.pnpm\esbuild@0.25.9\node_modules\esbuild\lib\main.js:603:9)
    at handleIncomingPacket (C:\Users\nmhoang\Documents\Source\react-map-components-maplibre\node_modules\.pnpm\esbuild@0.25.9\node_modules\esbuild\lib\main.js:658:12)
    at Socket.readFromStdout (C:\Users\nmhoang\Documents\Source\react-map-components-maplibre\node_modules\.pnpm\esbuild@0.25.9\node_modules\esbuild\lib\main.js:581:7)
    at Socket.emit (node:events:518:28)
    at addChunk (node:internal/streams/readable:561:12)
[10:41:08.328] [WARN] Broken build, fix the error above.
You may need to refresh the browser.